<?xml version="1.0" encoding="UTF-8"?>
<testsuite xmlns:xsi="http://www.w3.org/2001/XMLSchema-instance" xsi:noNamespaceSchemaLocation="https://maven.apache.org/surefire/maven-surefire-plugin/xsd/surefire-test-report-3.0.xsd" version="3.0" name="com.pl.premier_zone.PremierZoneApplicationTests" time="6.424" tests="1" errors="0" skipped="0" failures="0">
  <properties>
[...]
</properties>
  <testcase name="contextLoads" classname="com.pl.premier_zone.PremierZoneApplicationTests" time="0.399">
    <system-out><![CDATA[17:43:34.950 [main] INFO org.springframework.test.context.support.AnnotationConfigContextLoaderUtils -- Could not detect default configuration classes for test class [com.pl.premier_zone.PremierZoneApplicationTests]: PremierZoneApplicationTests does not declare any static, non-private, non-final, nested classes annotated with @Configuration.
17:43:35.020 [main] INFO org.springframework.boot.test.context.SpringBootTestContextBootstrapper -- Found @SpringBootConfiguration com.pl.premier_zone.PremierZoneApplication for test class com.pl.premier_zone.PremierZoneApplicationTests

  .   ____          _            __ _ _
 /\\ / ___'_ __ _ _(_)_ __  __ _ \ \ \ \
( ( )\___ | '_ | '_| | '_ \/ _` | \ \ \ \
 \\/  ___)| |_)| | | | | || (_| |  ) ) ) )
  '  |____| .__|_| |_|_| |_\__, | / / / /
 =========|_|==============|___/=/_/_/_/

 :: Spring Boot ::                (v3.3.1)

2024-08-26T17:43:35.335-04:00  INFO 51811 --- [           main] c.p.p.PremierZoneApplicationTests        : Starting PremierZoneApplicationTests using Java 22.0.2 with PID 51811 (started by krish in /Users/krish/Downloads/premier-zone/backend)
2024-08-26T17:43:35.337-04:00  INFO 51811 --- [           main] c.p.p.PremierZoneApplicationTests        : No active profile set, falling back to 1 default profile: "default"
2024-08-26T17:43:36.197-04:00  INFO 51811 --- [           main] .s.d.r.c.RepositoryConfigurationDelegate : Bootstrapping Spring Data JPA repositories in DEFAULT mode.
2024-08-26T17:43:36.234-04:00  INFO 51811 --- [           main] .s.d.r.c.RepositoryConfigurationDelegate : Finished Spring Data repository scanning in 31 ms. Found 1 JPA repository interface.
2024-08-26T17:43:36.750-04:00  INFO 51811 --- [           main] o.hibernate.jpa.internal.util.LogHelper  : HHH000204: Processing PersistenceUnitInfo [name: default]
2024-08-26T17:43:36.784-04:00  INFO 51811 --- [           main] org.hibernate.Version                    : HHH000412: Hibernate ORM core version 6.5.2.Final
2024-08-26T17:43:36.805-04:00  INFO 51811 --- [           main] o.h.c.internal.RegionFactoryInitiator    : HHH000026: Second-level cache disabled
2024-08-26T17:43:37.040-04:00  INFO 51811 --- [           main] o.s.o.j.p.SpringPersistenceUnitInfo      : No LoadTimeWeaver setup: ignoring JPA class transformer
2024-08-26T17:43:37.062-04:00  INFO 51811 --- [           main] com.zaxxer.hikari.HikariDataSource       : HikariPool-1 - Starting...
2024-08-26T17:43:38.215-04:00  INFO 51811 --- [           main] com.zaxxer.hikari.pool.HikariPool        : HikariPool-1 - Added connection org.postgresql.jdbc.PgConnection@4213bc3e
2024-08-26T17:43:38.217-04:00  INFO 51811 --- [           main] com.zaxxer.hikari.HikariDataSource       : HikariPool-1 - Start completed.
2024-08-26T17:43:38.349-04:00  WARN 51811 --- [           main] org.hibernate.orm.deprecation            : HHH90000025: PostgreSQLDialect does not need to be specified explicitly using 'hibernate.dialect' (remove the property setting and it will be selected by default)
2024-08-26T17:43:39.125-04:00  INFO 51811 --- [           main] o.h.e.t.j.p.i.JtaPlatformInitiator       : HHH000489: No JTA platform available (set 'hibernate.transaction.jta.platform' to enable JTA platform integration)
2024-08-26T17:43:39.517-04:00  INFO 51811 --- [           main] j.LocalContainerEntityManagerFactoryBean : Initialized JPA EntityManagerFactory for persistence unit 'default'
2024-08-26T17:43:39.942-04:00  WARN 51811 --- [           main] JpaBaseConfiguration$JpaWebConfiguration : spring.jpa.open-in-view is enabled by default. Therefore, database queries may be performed during view rendering. Explicitly configure spring.jpa.open-in-view to disable this warning
2024-08-26T17:43:40.527-04:00  INFO 51811 --- [           main] o.s.b.a.e.web.EndpointLinksResolver      : Exposing 1 endpoint beneath base path '/actuator'
2024-08-26T17:43:40.616-04:00  INFO 51811 --- [           main] c.p.p.PremierZoneApplicationTests        : Started PremierZoneApplicationTests in 5.505 seconds (process running for 6.214)
]]></system-out>
    <system-err><![CDATA[WARNING: A Java agent has been loaded dynamically (/Users/krish/.m2/repository/net/bytebuddy/byte-buddy-agent/1.14.17/byte-buddy-agent-1.14.17.jar)
WARNING: If a serviceability tool is in use, please run with -XX:+EnableDynamicAgentLoading to hide this warning
WARNING: If a serviceability tool is not in use, please run with -Djdk.instrument.traceUsage for more information
WARNING: Dynamic loading of agents will be disallowed by default in a future release
]]></system-err>
  </testcase>
</testsuite>